2025-12-01 01:14:55 | data_agent | INFO | 📝 Logging initialized - writing to logs/ directory
2025-12-01 01:14:55 | data_agent | INFO |    • app.log: All logs (rotating, 10MB max, 5 backups)
2025-12-01 01:14:55 | data_agent | INFO |    • error.log: Errors only (rotating, 5MB max, 3 backups)
2025-12-01 01:14:55 | data_agent | INFO |    • app_daily.log: Daily rotation (30 days retention)
2025-12-01 01:14:56 | data_agent | INFO | 📝 Logging initialized - writing to logs/ directory
2025-12-01 01:14:56 | data_agent | INFO |    • app.log: All logs (rotating, 10MB max, 5 backups)
2025-12-01 01:14:56 | data_agent | INFO |    • error.log: Errors only (rotating, 5MB max, 3 backups)
2025-12-01 01:14:56 | data_agent | INFO |    • app_daily.log: Daily rotation (30 days retention)
2025-12-01 01:14:57 | data_agent | DEBUG | Logging already initialized, skipping setup
2025-12-01 01:14:57 | watchfiles.main | DEBUG | 2 changes detected: {(<Change.added: 1>, '/Users/abhishek/Dev/Projects/data-agent/backend/logs/app_daily.log'), (<Change.added: 1>, '/Users/abhishek/Dev/Projects/data-agent/backend/logs/app.log')}
2025-12-01 01:14:57 | main | INFO | 🚀 Starting Data Agent System
2025-12-01 01:14:57 | main | INFO |    Environment: development
2025-12-01 01:14:57 | main | INFO |    API Version: /api/v1
2025-12-01 01:14:57 | sqlalchemy.engine.Engine | INFO | select pg_catalog.version()
2025-12-01 01:14:57 | sqlalchemy.engine.Engine | INFO | [raw sql] {}
2025-12-01 01:14:57 | sqlalchemy.engine.Engine | INFO | select current_schema()
2025-12-01 01:14:57 | sqlalchemy.engine.Engine | INFO | [raw sql] {}
2025-12-01 01:14:57 | sqlalchemy.engine.Engine | INFO | show standard_conforming_strings
2025-12-01 01:14:57 | sqlalchemy.engine.Engine | INFO | [raw sql] {}
2025-12-01 01:14:57 | sqlalchemy.engine.Engine | INFO | BEGIN (implicit)
2025-12-01 01:14:57 | sqlalchemy.engine.Engine | INFO | SELECT pg_catalog.pg_class.relname 
FROM pg_catalog.pg_class JOIN pg_catalog.pg_namespace ON pg_catalog.pg_namespace.oid = pg_catalog.pg_class.relnamespace 
WHERE pg_catalog.pg_class.relname = %(table_name)s AND pg_catalog.pg_class.relkind = ANY (ARRAY[%(param_1)s, %(param_2)s, %(param_3)s, %(param_4)s, %(param_5)s]) AND pg_catalog.pg_table_is_visible(pg_catalog.pg_class.oid) AND pg_catalog.pg_namespace.nspname != %(nspname_1)s
2025-12-01 01:14:57 | sqlalchemy.engine.Engine | INFO | [generated in 0.00015s] {'table_name': 'connections', 'param_1': 'r', 'param_2': 'p', 'param_3': 'f', 'param_4': 'v', 'param_5': 'm', 'nspname_1': 'pg_catalog'}
2025-12-01 01:14:57 | sqlalchemy.engine.Engine | INFO | SELECT pg_catalog.pg_class.relname 
FROM pg_catalog.pg_class JOIN pg_catalog.pg_namespace ON pg_catalog.pg_namespace.oid = pg_catalog.pg_class.relnamespace 
WHERE pg_catalog.pg_class.relname = %(table_name)s AND pg_catalog.pg_class.relkind = ANY (ARRAY[%(param_1)s, %(param_2)s, %(param_3)s, %(param_4)s, %(param_5)s]) AND pg_catalog.pg_table_is_visible(pg_catalog.pg_class.oid) AND pg_catalog.pg_namespace.nspname != %(nspname_1)s
2025-12-01 01:14:57 | sqlalchemy.engine.Engine | INFO | [cached since 0.002589s ago] {'table_name': 'metadata_cache', 'param_1': 'r', 'param_2': 'p', 'param_3': 'f', 'param_4': 'v', 'param_5': 'm', 'nspname_1': 'pg_catalog'}
2025-12-01 01:14:57 | sqlalchemy.engine.Engine | INFO | SELECT pg_catalog.pg_class.relname 
FROM pg_catalog.pg_class JOIN pg_catalog.pg_namespace ON pg_catalog.pg_namespace.oid = pg_catalog.pg_class.relnamespace 
WHERE pg_catalog.pg_class.relname = %(table_name)s AND pg_catalog.pg_class.relkind = ANY (ARRAY[%(param_1)s, %(param_2)s, %(param_3)s, %(param_4)s, %(param_5)s]) AND pg_catalog.pg_table_is_visible(pg_catalog.pg_class.oid) AND pg_catalog.pg_namespace.nspname != %(nspname_1)s
2025-12-01 01:14:57 | sqlalchemy.engine.Engine | INFO | [cached since 0.003136s ago] {'table_name': 'pipelines', 'param_1': 'r', 'param_2': 'p', 'param_3': 'f', 'param_4': 'v', 'param_5': 'm', 'nspname_1': 'pg_catalog'}
2025-12-01 01:14:57 | sqlalchemy.engine.Engine | INFO | SELECT pg_catalog.pg_class.relname 
FROM pg_catalog.pg_class JOIN pg_catalog.pg_namespace ON pg_catalog.pg_namespace.oid = pg_catalog.pg_class.relnamespace 
WHERE pg_catalog.pg_class.relname = %(table_name)s AND pg_catalog.pg_class.relkind = ANY (ARRAY[%(param_1)s, %(param_2)s, %(param_3)s, %(param_4)s, %(param_5)s]) AND pg_catalog.pg_table_is_visible(pg_catalog.pg_class.oid) AND pg_catalog.pg_namespace.nspname != %(nspname_1)s
2025-12-01 01:14:57 | sqlalchemy.engine.Engine | INFO | [cached since 0.003847s ago] {'table_name': 'pipeline_versions', 'param_1': 'r', 'param_2': 'p', 'param_3': 'f', 'param_4': 'v', 'param_5': 'm', 'nspname_1': 'pg_catalog'}
2025-12-01 01:14:57 | sqlalchemy.engine.Engine | INFO | SELECT pg_catalog.pg_class.relname 
FROM pg_catalog.pg_class JOIN pg_catalog.pg_namespace ON pg_catalog.pg_namespace.oid = pg_catalog.pg_class.relnamespace 
WHERE pg_catalog.pg_class.relname = %(table_name)s AND pg_catalog.pg_class.relkind = ANY (ARRAY[%(param_1)s, %(param_2)s, %(param_3)s, %(param_4)s, %(param_5)s]) AND pg_catalog.pg_table_is_visible(pg_catalog.pg_class.oid) AND pg_catalog.pg_namespace.nspname != %(nspname_1)s
2025-12-01 01:14:57 | sqlalchemy.engine.Engine | INFO | [cached since 0.004202s ago] {'table_name': 'pipeline_states', 'param_1': 'r', 'param_2': 'p', 'param_3': 'f', 'param_4': 'v', 'param_5': 'm', 'nspname_1': 'pg_catalog'}
2025-12-01 01:14:57 | sqlalchemy.engine.Engine | INFO | SELECT pg_catalog.pg_class.relname 
FROM pg_catalog.pg_class JOIN pg_catalog.pg_namespace ON pg_catalog.pg_namespace.oid = pg_catalog.pg_class.relnamespace 
WHERE pg_catalog.pg_class.relname = %(table_name)s AND pg_catalog.pg_class.relkind = ANY (ARRAY[%(param_1)s, %(param_2)s, %(param_3)s, %(param_4)s, %(param_5)s]) AND pg_catalog.pg_table_is_visible(pg_catalog.pg_class.oid) AND pg_catalog.pg_namespace.nspname != %(nspname_1)s
2025-12-01 01:14:57 | sqlalchemy.engine.Engine | INFO | [cached since 0.004512s ago] {'table_name': 'jobs', 'param_1': 'r', 'param_2': 'p', 'param_3': 'f', 'param_4': 'v', 'param_5': 'm', 'nspname_1': 'pg_catalog'}
2025-12-01 01:14:57 | sqlalchemy.engine.Engine | INFO | SELECT pg_catalog.pg_class.relname 
FROM pg_catalog.pg_class JOIN pg_catalog.pg_namespace ON pg_catalog.pg_namespace.oid = pg_catalog.pg_class.relnamespace 
WHERE pg_catalog.pg_class.relname = %(table_name)s AND pg_catalog.pg_class.relkind = ANY (ARRAY[%(param_1)s, %(param_2)s, %(param_3)s, %(param_4)s, %(param_5)s]) AND pg_catalog.pg_table_is_visible(pg_catalog.pg_class.oid) AND pg_catalog.pg_namespace.nspname != %(nspname_1)s
2025-12-01 01:14:57 | sqlalchemy.engine.Engine | INFO | [cached since 0.004777s ago] {'table_name': 'job_logs', 'param_1': 'r', 'param_2': 'p', 'param_3': 'f', 'param_4': 'v', 'param_5': 'm', 'nspname_1': 'pg_catalog'}
2025-12-01 01:14:57 | sqlalchemy.engine.Engine | INFO | SELECT pg_catalog.pg_class.relname 
FROM pg_catalog.pg_class JOIN pg_catalog.pg_namespace ON pg_catalog.pg_namespace.oid = pg_catalog.pg_class.relnamespace 
WHERE pg_catalog.pg_class.relname = %(table_name)s AND pg_catalog.pg_class.relkind = ANY (ARRAY[%(param_1)s, %(param_2)s, %(param_3)s, %(param_4)s, %(param_5)s]) AND pg_catalog.pg_table_is_visible(pg_catalog.pg_class.oid) AND pg_catalog.pg_namespace.nspname != %(nspname_1)s
2025-12-01 01:14:57 | sqlalchemy.engine.Engine | INFO | [cached since 0.005045s ago] {'table_name': 'system_config', 'param_1': 'r', 'param_2': 'p', 'param_3': 'f', 'param_4': 'v', 'param_5': 'm', 'nspname_1': 'pg_catalog'}
2025-12-01 01:14:57 | sqlalchemy.engine.Engine | INFO | SELECT pg_catalog.pg_class.relname 
FROM pg_catalog.pg_class JOIN pg_catalog.pg_namespace ON pg_catalog.pg_namespace.oid = pg_catalog.pg_class.relnamespace 
WHERE pg_catalog.pg_class.relname = %(table_name)s AND pg_catalog.pg_class.relkind = ANY (ARRAY[%(param_1)s, %(param_2)s, %(param_3)s, %(param_4)s, %(param_5)s]) AND pg_catalog.pg_table_is_visible(pg_catalog.pg_class.oid) AND pg_catalog.pg_namespace.nspname != %(nspname_1)s
2025-12-01 01:14:57 | sqlalchemy.engine.Engine | INFO | [cached since 0.005326s ago] {'table_name': 'alert_configs', 'param_1': 'r', 'param_2': 'p', 'param_3': 'f', 'param_4': 'v', 'param_5': 'm', 'nspname_1': 'pg_catalog'}
2025-12-01 01:14:57 | sqlalchemy.engine.Engine | INFO | SELECT pg_catalog.pg_class.relname 
FROM pg_catalog.pg_class JOIN pg_catalog.pg_namespace ON pg_catalog.pg_namespace.oid = pg_catalog.pg_class.relnamespace 
WHERE pg_catalog.pg_class.relname = %(table_name)s AND pg_catalog.pg_class.relkind = ANY (ARRAY[%(param_1)s, %(param_2)s, %(param_3)s, %(param_4)s, %(param_5)s]) AND pg_catalog.pg_table_is_visible(pg_catalog.pg_class.oid) AND pg_catalog.pg_namespace.nspname != %(nspname_1)s
2025-12-01 01:14:57 | sqlalchemy.engine.Engine | INFO | [cached since 0.005586s ago] {'table_name': 'alerts', 'param_1': 'r', 'param_2': 'p', 'param_3': 'f', 'param_4': 'v', 'param_5': 'm', 'nspname_1': 'pg_catalog'}
2025-12-01 01:14:57 | sqlalchemy.engine.Engine | INFO | SELECT pg_catalog.pg_type.typname 
FROM pg_catalog.pg_type JOIN pg_catalog.pg_namespace ON pg_catalog.pg_namespace.oid = pg_catalog.pg_type.typnamespace 
WHERE pg_catalog.pg_type.typname = %(typname_1)s AND pg_catalog.pg_type_is_visible(pg_catalog.pg_type.oid) AND pg_catalog.pg_namespace.nspname != %(nspname_1)s
2025-12-01 01:14:57 | sqlalchemy.engine.Engine | INFO | [generated in 0.00009s] {'typname_1': 'connectortype', 'nspname_1': 'pg_catalog'}
2025-12-01 01:14:57 | sqlalchemy.engine.Engine | INFO | SELECT pg_catalog.pg_type.typname 
FROM pg_catalog.pg_type JOIN pg_catalog.pg_namespace ON pg_catalog.pg_namespace.oid = pg_catalog.pg_type.typnamespace 
WHERE pg_catalog.pg_type.typname = %(typname_1)s AND pg_catalog.pg_type_is_visible(pg_catalog.pg_type.oid) AND pg_catalog.pg_namespace.nspname != %(nspname_1)s
2025-12-01 01:14:57 | sqlalchemy.engine.Engine | INFO | [cached since 0.0006041s ago] {'typname_1': 'pipelinestatus', 'nspname_1': 'pg_catalog'}
2025-12-01 01:14:57 | sqlalchemy.engine.Engine | INFO | SELECT pg_catalog.pg_type.typname 
FROM pg_catalog.pg_type JOIN pg_catalog.pg_namespace ON pg_catalog.pg_namespace.oid = pg_catalog.pg_type.typnamespace 
WHERE pg_catalog.pg_type.typname = %(typname_1)s AND pg_catalog.pg_type_is_visible(pg_catalog.pg_type.oid) AND pg_catalog.pg_namespace.nspname != %(nspname_1)s
2025-12-01 01:14:57 | sqlalchemy.engine.Engine | INFO | [cached since 0.001019s ago] {'typname_1': 'jobstatus', 'nspname_1': 'pg_catalog'}
2025-12-01 01:14:57 | sqlalchemy.engine.Engine | INFO | SELECT pg_catalog.pg_type.typname 
FROM pg_catalog.pg_type JOIN pg_catalog.pg_namespace ON pg_catalog.pg_namespace.oid = pg_catalog.pg_type.typnamespace 
WHERE pg_catalog.pg_type.typname = %(typname_1)s AND pg_catalog.pg_type_is_visible(pg_catalog.pg_type.oid) AND pg_catalog.pg_namespace.nspname != %(nspname_1)s
2025-12-01 01:14:57 | sqlalchemy.engine.Engine | INFO | [cached since 0.001442s ago] {'typname_1': 'alerttype', 'nspname_1': 'pg_catalog'}
2025-12-01 01:14:57 | sqlalchemy.engine.Engine | INFO | CREATE TYPE alerttype AS ENUM ('JOB_FAILURE', 'PIPELINE_STATUS_CHANGE', 'CUSTOM_METRIC_THRESHOLD')
2025-12-01 01:14:57 | sqlalchemy.engine.Engine | INFO | [no key 0.00007s] {}
2025-12-01 01:14:57 | sqlalchemy.engine.Engine | INFO | SELECT pg_catalog.pg_type.typname 
FROM pg_catalog.pg_type JOIN pg_catalog.pg_namespace ON pg_catalog.pg_namespace.oid = pg_catalog.pg_type.typnamespace 
WHERE pg_catalog.pg_type.typname = %(typname_1)s AND pg_catalog.pg_type_is_visible(pg_catalog.pg_type.oid) AND pg_catalog.pg_namespace.nspname != %(nspname_1)s
2025-12-01 01:14:57 | sqlalchemy.engine.Engine | INFO | [cached since 0.007389s ago] {'typname_1': 'alertdeliverymethod', 'nspname_1': 'pg_catalog'}
2025-12-01 01:14:57 | sqlalchemy.engine.Engine | INFO | CREATE TYPE alertdeliverymethod AS ENUM ('EMAIL', 'WEBHOOK', 'SLACK')
2025-12-01 01:14:57 | sqlalchemy.engine.Engine | INFO | [no key 0.00007s] {}
2025-12-01 01:14:57 | sqlalchemy.engine.Engine | INFO | SELECT pg_catalog.pg_type.typname 
FROM pg_catalog.pg_type JOIN pg_catalog.pg_namespace ON pg_catalog.pg_namespace.oid = pg_catalog.pg_type.typnamespace 
WHERE pg_catalog.pg_type.typname = %(typname_1)s AND pg_catalog.pg_type_is_visible(pg_catalog.pg_type.oid) AND pg_catalog.pg_namespace.nspname != %(nspname_1)s
2025-12-01 01:14:57 | sqlalchemy.engine.Engine | INFO | [cached since 0.01076s ago] {'typname_1': 'alertlevel', 'nspname_1': 'pg_catalog'}
2025-12-01 01:14:57 | sqlalchemy.engine.Engine | INFO | CREATE TYPE alertlevel AS ENUM ('INFO', 'WARNING', 'ERROR', 'CRITICAL')
2025-12-01 01:14:57 | sqlalchemy.engine.Engine | INFO | [no key 0.00042s] {}
2025-12-01 01:14:57 | sqlalchemy.engine.Engine | INFO | SELECT pg_catalog.pg_type.typname 
FROM pg_catalog.pg_type JOIN pg_catalog.pg_namespace ON pg_catalog.pg_namespace.oid = pg_catalog.pg_type.typnamespace 
WHERE pg_catalog.pg_type.typname = %(typname_1)s AND pg_catalog.pg_type_is_visible(pg_catalog.pg_type.oid) AND pg_catalog.pg_namespace.nspname != %(nspname_1)s
2025-12-01 01:14:57 | sqlalchemy.engine.Engine | INFO | [cached since 0.01557s ago] {'typname_1': 'alertstatus', 'nspname_1': 'pg_catalog'}
2025-12-01 01:14:57 | sqlalchemy.engine.Engine | INFO | CREATE TYPE alertstatus AS ENUM ('PENDING', 'SENT', 'FAILED', 'ACKNOWLEDGED', 'RESOLVED')
2025-12-01 01:14:57 | sqlalchemy.engine.Engine | INFO | [no key 0.00007s] {}
2025-12-01 01:14:57 | sqlalchemy.engine.Engine | INFO | 
CREATE TABLE pipeline_versions (
	id SERIAL NOT NULL, 
	pipeline_id INTEGER NOT NULL, 
	version_number INTEGER NOT NULL, 
	created_at TIMESTAMP WITHOUT TIME ZONE, 
	created_by VARCHAR(255), 
	description TEXT, 
	config_snapshot JSON NOT NULL, 
	PRIMARY KEY (id), 
	CONSTRAINT uq_pipeline_version_number UNIQUE (pipeline_id, version_number), 
	FOREIGN KEY(pipeline_id) REFERENCES pipelines (id) ON DELETE CASCADE
)


2025-12-01 01:14:57 | sqlalchemy.engine.Engine | INFO | [no key 0.00008s] {}
2025-12-01 01:14:57 | sqlalchemy.engine.Engine | INFO | CREATE INDEX ix_pipeline_versions_id ON pipeline_versions (id)
2025-12-01 01:14:57 | sqlalchemy.engine.Engine | INFO | [no key 0.00015s] {}
2025-12-01 01:14:57 | sqlalchemy.engine.Engine | INFO | 
CREATE TABLE alert_configs (
	id SERIAL NOT NULL, 
	name VARCHAR(255) NOT NULL, 
	description TEXT, 
	alert_type alerttype NOT NULL, 
	delivery_method alertdeliverymethod NOT NULL, 
	recipient VARCHAR(255) NOT NULL, 
	threshold_value INTEGER, 
	threshold_unit VARCHAR(50), 
	enabled BOOLEAN, 
	created_at TIMESTAMP WITHOUT TIME ZONE, 
	updated_at TIMESTAMP WITHOUT TIME ZONE, 
	PRIMARY KEY (id), 
	UNIQUE (name)
)


2025-12-01 01:14:57 | sqlalchemy.engine.Engine | INFO | [no key 0.00194s] {}
2025-12-01 01:14:57 | sqlalchemy.engine.Engine | INFO | CREATE INDEX ix_alert_configs_id ON alert_configs (id)
2025-12-01 01:14:57 | sqlalchemy.engine.Engine | INFO | [no key 0.00009s] {}
2025-12-01 01:14:57 | sqlalchemy.engine.Engine | INFO | 
CREATE TABLE alerts (
	id SERIAL NOT NULL, 
	alert_config_id INTEGER, 
	message TEXT NOT NULL, 
	level alertlevel, 
	job_id INTEGER, 
	pipeline_id INTEGER, 
	status alertstatus, 
	delivery_method alertdeliverymethod NOT NULL, 
	recipient VARCHAR(255) NOT NULL, 
	timestamp TIMESTAMP WITHOUT TIME ZONE, 
	sent_at TIMESTAMP WITHOUT TIME ZONE, 
	PRIMARY KEY (id), 
	FOREIGN KEY(alert_config_id) REFERENCES alert_configs (id), 
	FOREIGN KEY(job_id) REFERENCES jobs (id), 
	FOREIGN KEY(pipeline_id) REFERENCES pipelines (id)
)


2025-12-01 01:14:57 | sqlalchemy.engine.Engine | INFO | [no key 0.00010s] {}
2025-12-01 01:14:57 | sqlalchemy.engine.Engine | INFO | CREATE INDEX ix_alerts_id ON alerts (id)
2025-12-01 01:14:57 | sqlalchemy.engine.Engine | INFO | [no key 0.00009s] {}
2025-12-01 01:14:57 | sqlalchemy.engine.Engine | INFO | COMMIT
2025-12-01 01:14:57 | main | INFO | 🗄️ Database tables ensured
2025-12-01 01:14:57 | main | INFO | 📊 Connected Database: localhost:5432/data_agent_system
2025-12-01 01:14:57 | main | INFO | 🔌 Registered Source Connectors: ['postgresql', 'sqlite', 'local_file', 's3', 'oracle', 'mysql', 'mssql', 'mongodb', 'snowflake', 'bigquery', 'singer']
2025-12-01 01:14:57 | main | INFO | 🔌 Registered Destination Connectors: ['postgresql', 'sqlite', 'local_file', 's3', 'oracle', 'mysql', 'mssql', 'mongodb', 'snowflake', 'bigquery', 'singer']
2025-12-01 01:14:57 | app.services.cache | INFO | ✅ Redis connected: redis://localhost:6379/0
2025-12-01 01:14:57 | watchfiles.main | DEBUG | 3 changes detected: {(<Change.deleted: 3>, '/Users/abhishek/Dev/Projects/data-agent/backend/__pycache__/main.cpython-313.pyc.4782689200'), (<Change.added: 1>, '/Users/abhishek/Dev/Projects/data-agent/backend/__pycache__/main.cpython-313.pyc'), (<Change.added: 1>, '/Users/abhishek/Dev/Projects/data-agent/backend/__pycache__/main.cpython-313.pyc.4782689200')}
2025-12-01 01:14:57 | main | INFO | ✅ Redis available — Memory: 1.30M
2025-12-01 01:14:57 | main | INFO | ✅ Application ready
2025-12-01 01:15:21 | main | INFO | 👋 Shutting down Data Agent System
2025-12-01 01:15:21 | main | INFO |    Total uptime logged to logs/app.log
